[2026-03-16 10:23:09.650 AM] info: [Prisma Info] Starting a postgresql pool with 9 connections.
[2026-03-16 10:23:09.668 AM] info: Database connected successfully using Prisma ORM.
[2026-03-16 10:23:09.676 AM] info: Server is running at http://localhost:3000 | Mode: development
[2026-03-16 10:23:17.085 AM] info: [Prisma Info] Starting a postgresql pool with 9 connections.
[2026-03-16 10:23:17.097 AM] info: Database connected successfully using Prisma ORM.
[2026-03-16 10:23:17.103 AM] info: Server is running at http://localhost:3000 | Mode: development
[2026-03-16 10:23:20.220 AM] info: [Prisma Info] Starting a postgresql pool with 9 connections.
[2026-03-16 10:23:20.233 AM] info: Database connected successfully using Prisma ORM.
[2026-03-16 10:23:20.239 AM] info: Server is running at http://localhost:3000 | Mode: development
[2026-03-16 10:28:22.627 AM] info: [Prisma Info] Starting a postgresql pool with 9 connections.
[2026-03-16 10:28:22.640 AM] info: Database connected successfully using Prisma ORM.
[2026-03-16 10:28:22.647 AM] info: Server is running at http://localhost:3000 | Mode: development
[2026-03-16 10:44:09.532 AM] info: [Prisma Info] Starting a postgresql pool with 9 connections.
[2026-03-16 10:44:09.544 AM] info: Database connected successfully using Prisma ORM.
[2026-03-16 10:44:09.550 AM] info: Server is running at http://localhost:3000 | Mode: development
[2026-03-16 10:44:11.786 AM] info: [Prisma Info] Starting a postgresql pool with 9 connections.
[2026-03-16 10:44:11.800 AM] info: Database connected successfully using Prisma ORM.
[2026-03-16 10:44:11.806 AM] info: Server is running at http://localhost:3000 | Mode: development
[2026-03-16 10:44:16.651 AM] info: [Prisma Info] Starting a postgresql pool with 9 connections.
[2026-03-16 10:44:16.680 AM] info: Database connected successfully using Prisma ORM.
[2026-03-16 10:44:16.693 AM] info: Server is running at http://localhost:3000 | Mode: development
[2026-03-16 10:50:01.622 AM] info: [Prisma Info] Starting a postgresql pool with 9 connections.
[2026-03-16 10:50:01.635 AM] info: Database connected successfully using Prisma ORM.
[2026-03-16 10:50:01.641 AM] info: Server is running at http://localhost:3000 | Mode: development
[2026-03-16 05:44:08.099 PM] info: [Prisma Info] Starting a postgresql pool with 9 connections.
[2026-03-16 05:44:08.133 PM] info: Database connected successfully using Prisma ORM.
[2026-03-16 05:44:08.146 PM] info: Server is running at http://localhost:3000 | Mode: development
