[2026-03-10 01:30:53.331 AM] info: Server is running at http://localhost:3000 | Mode: development
[2026-03-10 01:31:03.945 AM] info: Server is running at http://localhost:3000 | Mode: development
[2026-03-10 01:31:04.098 AM] info: Server is running at http://localhost:3000 | Mode: development
[2026-03-10 01:31:06.821 AM] error: 404 - API Route tidak ditemukan - /api/v1/invalid - GET - ::ffff:127.0.0.1
[2026-03-10 01:31:06.822 AM] error: Error: API Route tidak ditemukan
    at file:///srv/http/start-kit-V1/api-expresjs/src/app.js:43:10
    at Layer.handleRequest (/srv/http/start-kit-V1/api-expresjs/node_modules/router/lib/layer.js:152:17)
    at trimPrefix (/srv/http/start-kit-V1/api-expresjs/node_modules/router/index.js:342:13)
    at /srv/http/start-kit-V1/api-expresjs/node_modules/router/index.js:297:9
    at processParams (/srv/http/start-kit-V1/api-expresjs/node_modules/router/index.js:582:12)
    at next (/srv/http/start-kit-V1/api-expresjs/node_modules/router/index.js:291:5)
    at read (/srv/http/start-kit-V1/api-expresjs/node_modules/body-parser/lib/read.js:53:5)
    at urlencodedParser (/srv/http/start-kit-V1/api-expresjs/node_modules/body-parser/lib/types/urlencoded.js:57:5)
    at Layer.handleRequest (/srv/http/start-kit-V1/api-expresjs/node_modules/router/lib/layer.js:152:17)
    at trimPrefix (/srv/http/start-kit-V1/api-expresjs/node_modules/router/index.js:342:13)
[2026-03-10 11:34:44.662 AM] info: Server is running at http://localhost:3000 | Mode: development
[2026-03-10 11:35:04.041 AM] error: 404 - API Route tidak ditemukan - /api-docs/ - GET - ::ffff:127.0.0.1
[2026-03-10 11:35:04.041 AM] error: Error: API Route tidak ditemukan
    at file:///srv/http/start-kit-V1/api-expresjs/src/app.js:49:14
    at Layer.handleRequest (/srv/http/start-kit-V1/api-expresjs/node_modules/router/lib/layer.js:152:17)
    at trimPrefix (/srv/http/start-kit-V1/api-expresjs/node_modules/router/index.js:342:13)
    at /srv/http/start-kit-V1/api-expresjs/node_modules/router/index.js:297:9
    at processParams (/srv/http/start-kit-V1/api-expresjs/node_modules/router/index.js:582:12)
    at next (/srv/http/start-kit-V1/api-expresjs/node_modules/router/index.js:291:5)
    at read (/srv/http/start-kit-V1/api-expresjs/node_modules/body-parser/lib/read.js:53:5)
    at urlencodedParser (/srv/http/start-kit-V1/api-expresjs/node_modules/body-parser/lib/types/urlencoded.js:57:5)
    at Layer.handleRequest (/srv/http/start-kit-V1/api-expresjs/node_modules/router/lib/layer.js:152:17)
    at trimPrefix (/srv/http/start-kit-V1/api-expresjs/node_modules/router/index.js:342:13)
[2026-03-10 11:35:15.497 AM] info: Server is running at http://localhost:3000 | Mode: development
[2026-03-10 11:36:15.174 AM] info: Server is running at http://localhost:3000 | Mode: development
[2026-03-10 11:36:16.030 AM] info: Server is running at http://localhost:3000 | Mode: development
[2026-03-10 11:36:27.617 AM] info: Server is running at http://localhost:3000 | Mode: development
[2026-03-10 11:36:27.896 AM] info: Server is running at http://localhost:3000 | Mode: development
[2026-03-10 11:36:57.524 AM] info: Server is running at http://localhost:3000 | Mode: development
[2026-03-10 11:36:57.754 AM] info: Server is running at http://localhost:3000 | Mode: development
[2026-03-10 11:37:09.338 AM] info: Server is running at http://localhost:3000 | Mode: development
[2026-03-10 11:37:09.627 AM] info: Server is running at http://localhost:3000 | Mode: development
[2026-03-10 11:37:53.116 AM] info: Server is running at http://localhost:3000 | Mode: development
[2026-03-10 11:37:53.377 AM] info: Server is running at http://localhost:3000 | Mode: development
[2026-03-10 11:37:58.539 AM] info: Server is running at http://localhost:3000 | Mode: development
[2026-03-10 11:38:14.772 AM] info: Server is running at http://localhost:3000 | Mode: development
[2026-03-10 11:38:14.975 AM] info: Server is running at http://localhost:3000 | Mode: development
[2026-03-10 11:41:22.227 AM] info: Server is running at http://localhost:3000 | Mode: development
[2026-03-10 11:42:35.140 AM] info: Server is running at http://localhost:3000 | Mode: development
[2026-03-10 11:42:35.390 AM] info: Server is running at http://localhost:3000 | Mode: development
[2026-03-10 11:42:55.598 AM] info: Server is running at http://localhost:3000 | Mode: development
[2026-03-10 11:46:16.934 AM] info: Server is running at http://localhost:3000 | Mode: development
[2026-03-10 11:46:17.181 AM] info: Server is running at http://localhost:3000 | Mode: development
[2026-03-10 11:46:17.198 AM] info: Server is running at http://localhost:3000 | Mode: development
[2026-03-10 11:51:29.670 AM] info: Server is running at http://localhost:3000 | Mode: development
[2026-03-10 11:51:29.671 AM] info: Server is running at http://localhost:3000 | Mode: development
[2026-03-10 11:51:29.902 AM] info: Server is running at http://localhost:3000 | Mode: development
[2026-03-10 11:51:29.911 AM] info: Server is running at http://localhost:3000 | Mode: development
[2026-03-10 02:21:12.316 PM] info: Server is running at http://localhost:3000 | Mode: development
[2026-03-10 08:09:30.056 PM] info: Server is running at http://localhost:3000 | Mode: development
[2026-03-10 08:12:45.439 PM] info: Server is running at http://localhost:3000 | Mode: development
[2026-03-10 08:23:22.842 PM] info: Server is running at http://localhost:3000 | Mode: development
[2026-03-10 08:23:23.056 PM] info: Server is running at http://localhost:3000 | Mode: development
[2026-03-10 08:24:02.248 PM] info: Server is running at http://localhost:3000 | Mode: development
[2026-03-10 08:24:17.282 PM] info: Server is running at http://localhost:3000 | Mode: development
[2026-03-10 08:24:41.579 PM] info: Server is running at http://localhost:3000 | Mode: development
[2026-03-10 08:25:02.454 PM] info: Server is running at http://localhost:3000 | Mode: development
[2026-03-10 08:25:10.728 PM] info: Server is running at http://localhost:3000 | Mode: development
[2026-03-10 08:25:11.055 PM] info: Server is running at http://localhost:3000 | Mode: development
[2026-03-10 08:25:15.722 PM] info: Server is running at http://localhost:3000 | Mode: development
[2026-03-10 08:33:39.782 PM] info: Server is running at http://localhost:3000 | Mode: development
[2026-03-10 08:34:52.735 PM] info: Server is running at http://localhost:3000 | Mode: development
[2026-03-10 08:35:02.703 PM] info: Server is running at http://localhost:3000 | Mode: development
[2026-03-10 08:35:13.704 PM] info: Server is running at http://localhost:3000 | Mode: development
[2026-03-10 08:46:22.599 PM] info: Server is running at http://localhost:3000 | Mode: development
[2026-03-10 08:53:50.494 PM] info: Server is running at http://localhost:3000 | Mode: development
[2026-03-10 08:53:50.705 PM] info: Server is running at http://localhost:3000 | Mode: development
[2026-03-10 08:54:19.280 PM] info: Server is running at http://localhost:3000 | Mode: development
[2026-03-10 08:54:19.530 PM] info: Server is running at http://localhost:3000 | Mode: development
[2026-03-10 08:54:24.602 PM] info: Server is running at http://localhost:3000 | Mode: development
[2026-03-10 08:54:37.285 PM] info: Server is running at http://localhost:3000 | Mode: development
[2026-03-10 08:55:23.535 PM] info: Server is running at http://localhost:3000 | Mode: development
[2026-03-10 08:55:25.208 PM] info: Server is running at http://localhost:3000 | Mode: development
[2026-03-10 08:55:39.175 PM] info: Server is running at http://localhost:3000 | Mode: development
[2026-03-10 08:56:05.222 PM] info: Server is running at http://localhost:3000 | Mode: development
[2026-03-10 08:56:40.425 PM] info: Server is running at http://localhost:3000 | Mode: development
[2026-03-10 08:56:40.664 PM] info: Server is running at http://localhost:3000 | Mode: development
[2026-03-10 08:56:48.181 PM] info: Server is running at http://localhost:3000 | Mode: development
[2026-03-10 08:56:53.021 PM] info: Server is running at http://localhost:3000 | Mode: development
[2026-03-10 08:56:53.237 PM] info: Server is running at http://localhost:3000 | Mode: development
[2026-03-10 08:56:54.587 PM] info: Server is running at http://localhost:3000 | Mode: development
[2026-03-10 08:57:02.396 PM] info: Server is running at http://localhost:3000 | Mode: development
[2026-03-10 08:57:04.921 PM] info: Server is running at http://localhost:3000 | Mode: development
[2026-03-10 08:57:15.178 PM] info: Server is running at http://localhost:3000 | Mode: development
[2026-03-10 08:57:41.093 PM] info: Server is running at http://localhost:3000 | Mode: development
[2026-03-10 08:57:46.235 PM] info: Server is running at http://localhost:3000 | Mode: development
[2026-03-10 08:57:49.433 PM] info: Server is running at http://localhost:3000 | Mode: development
[2026-03-10 08:57:53.163 PM] info: Server is running at http://localhost:3000 | Mode: development
[2026-03-10 08:58:58.348 PM] info: Server is running at http://localhost:3000 | Mode: development
[2026-03-10 09:35:52.264 PM] error: undefined - API Route tidak ditemukan - /users - GET - ::ffff:127.0.0.1
[2026-03-10 09:35:52.265 PM] error: Error: API Route tidak ditemukan
    at file:///srv/http/start-kit-V1/api-expresjs/src/app.js:56:14
    at Layer.handleRequest (/srv/http/start-kit-V1/api-expresjs/node_modules/router/lib/layer.js:152:17)
    at trimPrefix (/srv/http/start-kit-V1/api-expresjs/node_modules/router/index.js:342:13)
    at /srv/http/start-kit-V1/api-expresjs/node_modules/router/index.js:297:9
    at processParams (/srv/http/start-kit-V1/api-expresjs/node_modules/router/index.js:582:12)
    at next (/srv/http/start-kit-V1/api-expresjs/node_modules/router/index.js:291:5)
    at read (/srv/http/start-kit-V1/api-expresjs/node_modules/body-parser/lib/read.js:53:5)
    at urlencodedParser (/srv/http/start-kit-V1/api-expresjs/node_modules/body-parser/lib/types/urlencoded.js:57:5)
    at Layer.handleRequest (/srv/http/start-kit-V1/api-expresjs/node_modules/router/lib/layer.js:152:17)
    at trimPrefix (/srv/http/start-kit-V1/api-expresjs/node_modules/router/index.js:342:13)
[2026-03-10 09:35:54.206 PM] error: undefined - API Route tidak ditemukan - /users - GET - ::ffff:127.0.0.1
[2026-03-10 09:35:54.206 PM] error: Error: API Route tidak ditemukan
    at file:///srv/http/start-kit-V1/api-expresjs/src/app.js:56:14
    at Layer.handleRequest (/srv/http/start-kit-V1/api-expresjs/node_modules/router/lib/layer.js:152:17)
    at trimPrefix (/srv/http/start-kit-V1/api-expresjs/node_modules/router/index.js:342:13)
    at /srv/http/start-kit-V1/api-expresjs/node_modules/router/index.js:297:9
    at processParams (/srv/http/start-kit-V1/api-expresjs/node_modules/router/index.js:582:12)
    at next (/srv/http/start-kit-V1/api-expresjs/node_modules/router/index.js:291:5)
    at read (/srv/http/start-kit-V1/api-expresjs/node_modules/body-parser/lib/read.js:53:5)
    at urlencodedParser (/srv/http/start-kit-V1/api-expresjs/node_modules/body-parser/lib/types/urlencoded.js:57:5)
    at Layer.handleRequest (/srv/http/start-kit-V1/api-expresjs/node_modules/router/lib/layer.js:152:17)
    at trimPrefix (/srv/http/start-kit-V1/api-expresjs/node_modules/router/index.js:342:13)
[2026-03-10 09:35:56.141 PM] error: undefined - API Route tidak ditemukan - /users - GET - ::ffff:127.0.0.1
[2026-03-10 09:35:56.141 PM] error: Error: API Route tidak ditemukan
    at file:///srv/http/start-kit-V1/api-expresjs/src/app.js:56:14
    at Layer.handleRequest (/srv/http/start-kit-V1/api-expresjs/node_modules/router/lib/layer.js:152:17)
    at trimPrefix (/srv/http/start-kit-V1/api-expresjs/node_modules/router/index.js:342:13)
    at /srv/http/start-kit-V1/api-expresjs/node_modules/router/index.js:297:9
    at processParams (/srv/http/start-kit-V1/api-expresjs/node_modules/router/index.js:582:12)
    at next (/srv/http/start-kit-V1/api-expresjs/node_modules/router/index.js:291:5)
    at read (/srv/http/start-kit-V1/api-expresjs/node_modules/body-parser/lib/read.js:53:5)
    at urlencodedParser (/srv/http/start-kit-V1/api-expresjs/node_modules/body-parser/lib/types/urlencoded.js:57:5)
    at Layer.handleRequest (/srv/http/start-kit-V1/api-expresjs/node_modules/router/lib/layer.js:152:17)
    at trimPrefix (/srv/http/start-kit-V1/api-expresjs/node_modules/router/index.js:342:13)
[2026-03-10 09:36:04.599 PM] error: undefined - API Route tidak ditemukan - /users - GET - ::ffff:127.0.0.1
[2026-03-10 09:36:04.599 PM] error: Error: API Route tidak ditemukan
    at file:///srv/http/start-kit-V1/api-expresjs/src/app.js:56:14
    at Layer.handleRequest (/srv/http/start-kit-V1/api-expresjs/node_modules/router/lib/layer.js:152:17)
    at trimPrefix (/srv/http/start-kit-V1/api-expresjs/node_modules/router/index.js:342:13)
    at /srv/http/start-kit-V1/api-expresjs/node_modules/router/index.js:297:9
    at processParams (/srv/http/start-kit-V1/api-expresjs/node_modules/router/index.js:582:12)
    at next (/srv/http/start-kit-V1/api-expresjs/node_modules/router/index.js:291:5)
    at read (/srv/http/start-kit-V1/api-expresjs/node_modules/body-parser/lib/read.js:53:5)
    at urlencodedParser (/srv/http/start-kit-V1/api-expresjs/node_modules/body-parser/lib/types/urlencoded.js:57:5)
    at Layer.handleRequest (/srv/http/start-kit-V1/api-expresjs/node_modules/router/lib/layer.js:152:17)
    at trimPrefix (/srv/http/start-kit-V1/api-expresjs/node_modules/router/index.js:342:13)
[2026-03-10 09:36:10.700 PM] info: Server is running at http://localhost:3000 | Mode: development
[2026-03-10 09:36:58.457 PM] info: Server is running at http://localhost:3000 | Mode: development
[2026-03-10 09:38:05.996 PM] info: Server is running at http://localhost:3000 | Mode: development
[2026-03-10 09:38:10.900 PM] info: Server is running at http://localhost:3000 | Mode: development
[2026-03-10 09:38:19.252 PM] info: Server is running at http://localhost:3000 | Mode: development
[2026-03-10 09:38:47.301 PM] info: Server is running at http://localhost:3000 | Mode: development
[2026-03-10 09:39:32.037 PM] info: Server is running at http://localhost:3000 | Mode: development
[2026-03-10 09:40:00.343 PM] info: Server is running at http://localhost:3000 | Mode: development
[2026-03-10 09:40:02.981 PM] info: Server is running at http://localhost:3000 | Mode: development
[2026-03-10 09:40:08.972 PM] info: Server is running at http://localhost:3000 | Mode: development
[2026-03-10 09:40:13.240 PM] info: Server is running at http://localhost:3000 | Mode: development
[2026-03-10 09:40:18.206 PM] info: Server is running at http://localhost:3000 | Mode: development
[2026-03-10 09:40:45.967 PM] info: Server is running at http://localhost:3000 | Mode: development
[2026-03-10 09:41:31.305 PM] info: Server is running at http://localhost:3000 | Mode: development
[2026-03-10 09:41:34.283 PM] info: Server is running at http://localhost:3000 | Mode: development
[2026-03-10 09:41:45.162 PM] info: Server is running at http://localhost:3000 | Mode: development
[2026-03-10 09:41:54.671 PM] info: Server is running at http://localhost:3000 | Mode: development
[2026-03-10 09:44:02.361 PM] info: Server is running at http://localhost:3000 | Mode: development
[2026-03-10 09:44:17.494 PM] info: Server is running at http://localhost:3000 | Mode: development
[2026-03-10 09:44:22.385 PM] info: Server is running at http://localhost:3000 | Mode: development
[2026-03-10 09:46:24.119 PM] info: Server is running at http://localhost:3000 | Mode: development
[2026-03-10 09:46:49.064 PM] info: Server is running at http://localhost:3000 | Mode: development
[2026-03-10 09:46:57.120 PM] info: Server is running at http://localhost:3000 | Mode: development
[2026-03-10 09:47:18.946 PM] info: Server is running at http://localhost:3000 | Mode: development
[2026-03-10 09:47:30.430 PM] info: Server is running at http://localhost:3000 | Mode: development
[2026-03-10 09:47:48.930 PM] info: Server is running at http://localhost:3000 | Mode: development
[2026-03-10 09:48:36.982 PM] info: Server is running at http://localhost:3000 | Mode: development
[2026-03-10 09:48:53.269 PM] info: Server is running at http://localhost:3000 | Mode: development
[2026-03-10 10:06:32.759 PM] info: Server is running at http://localhost:3000 | Mode: development
[2026-03-10 10:08:07.642 PM] info: Server is running at http://localhost:3000 | Mode: development
[2026-03-10 10:55:31.660 PM] info: Server is running at http://localhost:3000 | Mode: development
[2026-03-10 10:59:33.915 PM] info: Server is running at http://localhost:3000 | Mode: development
[2026-03-10 11:02:32.489 PM] info: Server is running at http://localhost:3000 | Mode: development
[2026-03-10 11:03:04.195 PM] info: Server is running at http://localhost:3000 | Mode: development
[2026-03-10 11:03:24.489 PM] info: Server is running at http://localhost:3000 | Mode: development
[2026-03-10 11:03:31.228 PM] info: Server is running at http://localhost:3000 | Mode: development
[2026-03-10 11:03:39.241 PM] info: Server is running at http://localhost:3000 | Mode: development
[2026-03-10 11:03:46.460 PM] info: Server is running at http://localhost:3000 | Mode: development
