[2026-03-11 03:29:30.406 PM] info: Server is running at http://localhost:3000 | Mode: development
[2026-03-11 03:29:45.197 PM] info: Server is running at http://localhost:3000 | Mode: development
[2026-03-11 03:30:00.826 PM] info: Server is running at http://localhost:3000 | Mode: development
[2026-03-11 03:30:14.935 PM] info: Server is running at http://localhost:3000 | Mode: development
[2026-03-11 03:33:51.661 PM] info: Server is running at http://localhost:3000 | Mode: development
[2026-03-11 03:35:04.993 PM] info: [Prisma Info] Starting a postgresql pool with 9 connections.
[2026-03-11 03:35:05.013 PM] info: Database connected successfully using Prisma ORM.
[2026-03-11 03:35:05.020 PM] info: Server is running at http://localhost:3000 | Mode: development
[2026-03-11 03:35:13.618 PM] info: [Prisma Info] Starting a postgresql pool with 9 connections.
[2026-03-11 03:35:13.638 PM] info: Database connected successfully using Prisma ORM.
[2026-03-11 03:35:13.644 PM] info: Server is running at http://localhost:3000 | Mode: development
[2026-03-11 03:36:55.396 PM] info: [Prisma Info] Starting a postgresql pool with 9 connections.
[2026-03-11 03:36:55.409 PM] info: Database connected successfully using Prisma ORM.
[2026-03-11 03:36:55.415 PM] info: Server is running at http://localhost:3000 | Mode: development
[2026-03-11 03:36:58.927 PM] info: [Prisma Info] Starting a postgresql pool with 9 connections.
[2026-03-11 03:36:58.942 PM] info: Database connected successfully using Prisma ORM.
[2026-03-11 03:36:58.947 PM] info: Server is running at http://localhost:3000 | Mode: development
[2026-03-11 03:37:20.318 PM] info: [Prisma Info] Starting a postgresql pool with 9 connections.
[2026-03-11 03:37:20.332 PM] info: Database connected successfully using Prisma ORM.
[2026-03-11 03:37:20.337 PM] info: Server is running at http://localhost:3000 | Mode: development
[2026-03-11 06:04:46.350 PM] info: [Prisma Info] Starting a postgresql pool with 9 connections.
[2026-03-11 06:04:46.369 PM] info: Database connected successfully using Prisma ORM.
[2026-03-11 06:04:46.376 PM] info: Server is running at http://localhost:3000 | Mode: development
[2026-03-11 06:04:56.448 PM] info: [Prisma Info] Starting a postgresql pool with 9 connections.
[2026-03-11 06:04:56.474 PM] info: Database connected successfully using Prisma ORM.
[2026-03-11 06:04:56.487 PM] info: Server is running at http://localhost:3000 | Mode: development
[2026-03-11 06:04:59.260 PM] info: Mematikan server (Graceful Shutdown)...
[2026-03-11 06:04:59.265 PM] info: Database connection closed gracefully.
[2026-03-11 06:05:44.546 PM] info: [Prisma Info] Starting a postgresql pool with 9 connections.
[2026-03-11 06:05:44.565 PM] info: Database connected successfully using Prisma ORM.
[2026-03-11 06:05:44.572 PM] info: Server is running at http://localhost:3000 | Mode: development
[2026-03-11 06:05:49.715 PM] info: [Prisma Info] Starting a postgresql pool with 9 connections.
[2026-03-11 06:05:49.735 PM] info: Database connected successfully using Prisma ORM.
[2026-03-11 06:05:49.743 PM] info: Server is running at http://localhost:3000 | Mode: development
[2026-03-11 06:06:01.092 PM] info: [Prisma Info] Starting a postgresql pool with 9 connections.
[2026-03-11 06:06:01.114 PM] info: Database connected successfully using Prisma ORM.
[2026-03-11 06:06:01.121 PM] info: Server is running at http://localhost:3000 | Mode: development
[2026-03-11 06:06:30.280 PM] info: [Prisma Info] Starting a postgresql pool with 9 connections.
[2026-03-11 06:06:30.299 PM] info: Database connected successfully using Prisma ORM.
[2026-03-11 06:06:30.308 PM] info: Server is running at http://localhost:3000 | Mode: development
[2026-03-11 06:06:53.686 PM] info: [Prisma Info] Starting a postgresql pool with 9 connections.
[2026-03-11 06:06:53.704 PM] info: Database connected successfully using Prisma ORM.
[2026-03-11 06:06:53.712 PM] info: Server is running at http://localhost:3000 | Mode: development
[2026-03-11 06:16:13.158 PM] info: [Prisma Info] Starting a postgresql pool with 9 connections.
[2026-03-11 06:16:13.183 PM] info: Database connected successfully using Prisma ORM.
[2026-03-11 06:16:13.198 PM] info: Server is running at http://localhost:3000 | Mode: development
[2026-03-11 06:16:15.044 PM] info: [Prisma Info] Starting a postgresql pool with 9 connections.
[2026-03-11 06:16:15.068 PM] info: Database connected successfully using Prisma ORM.
[2026-03-11 06:16:15.077 PM] info: Server is running at http://localhost:3000 | Mode: development
[2026-03-11 06:16:16.056 PM] info: [Prisma Info] Starting a postgresql pool with 9 connections.
[2026-03-11 06:16:16.081 PM] info: Database connected successfully using Prisma ORM.
[2026-03-11 06:16:16.090 PM] info: Server is running at http://localhost:3000 | Mode: development
[2026-03-11 06:16:18.035 PM] info: [Prisma Info] Starting a postgresql pool with 9 connections.
[2026-03-11 06:16:18.055 PM] info: Database connected successfully using Prisma ORM.
[2026-03-11 06:16:18.063 PM] info: Server is running at http://localhost:3000 | Mode: development
[2026-03-11 06:16:26.950 PM] info: [Prisma Info] Starting a postgresql pool with 9 connections.
[2026-03-11 06:16:26.969 PM] info: Database connected successfully using Prisma ORM.
[2026-03-11 06:16:26.977 PM] info: Server is running at http://localhost:3000 | Mode: development
[2026-03-11 06:16:27.838 PM] info: [Prisma Info] Starting a postgresql pool with 9 connections.
[2026-03-11 06:16:27.859 PM] info: Database connected successfully using Prisma ORM.
[2026-03-11 06:16:27.867 PM] info: Server is running at http://localhost:3000 | Mode: development
[2026-03-11 06:16:30.691 PM] info: [Prisma Info] Starting a postgresql pool with 9 connections.
[2026-03-11 06:16:30.708 PM] info: Database connected successfully using Prisma ORM.
[2026-03-11 06:16:30.717 PM] info: Server is running at http://localhost:3000 | Mode: development
[2026-03-11 06:16:40.845 PM] info: [Prisma Info] Starting a postgresql pool with 9 connections.
[2026-03-11 06:16:40.866 PM] info: Database connected successfully using Prisma ORM.
[2026-03-11 06:16:40.876 PM] info: Server is running at http://localhost:3000 | Mode: development
[2026-03-11 06:17:09.335 PM] info: Mematikan server (Graceful Shutdown)...
[2026-03-11 06:17:09.341 PM] info: Database connection closed gracefully.
[2026-03-11 06:17:10.637 PM] info: [Prisma Info] Starting a postgresql pool with 9 connections.
[2026-03-11 06:17:10.656 PM] info: Database connected successfully using Prisma ORM.
[2026-03-11 06:17:10.663 PM] info: Server is running at http://localhost:3000 | Mode: development
[2026-03-11 06:17:27.755 PM] info: [Prisma Info] Starting a postgresql pool with 9 connections.
[2026-03-11 06:17:27.775 PM] info: Database connected successfully using Prisma ORM.
[2026-03-11 06:17:27.783 PM] info: Server is running at http://localhost:3000 | Mode: development
[2026-03-11 06:17:38.753 PM] info: [Prisma Info] Starting a postgresql pool with 9 connections.
[2026-03-11 06:17:38.772 PM] info: Database connected successfully using Prisma ORM.
[2026-03-11 06:17:38.780 PM] info: Server is running at http://localhost:3000 | Mode: development
[2026-03-11 06:19:20.647 PM] info: [Prisma Info] Starting a postgresql pool with 9 connections.
[2026-03-11 06:19:20.664 PM] info: Database connected successfully using Prisma ORM.
[2026-03-11 06:19:20.672 PM] info: Server is running at http://localhost:3000 | Mode: development
[2026-03-11 06:28:17.373 PM] info: [Prisma Info] Starting a postgresql pool with 9 connections.
[2026-03-11 06:28:17.390 PM] info: Database connected successfully using Prisma ORM.
[2026-03-11 06:28:17.397 PM] info: Server is running at http://localhost:3000 | Mode: development
[2026-03-11 06:28:53.103 PM] info: [Prisma Info] Starting a postgresql pool with 9 connections.
[2026-03-11 06:28:53.121 PM] info: Database connected successfully using Prisma ORM.
[2026-03-11 06:28:53.130 PM] info: Server is running at http://localhost:3000 | Mode: development
[2026-03-11 06:30:02.232 PM] info: [Prisma Info] Starting a postgresql pool with 9 connections.
[2026-03-11 06:30:02.250 PM] info: Database connected successfully using Prisma ORM.
[2026-03-11 06:30:02.258 PM] info: Server is running at http://localhost:3000 | Mode: development
[2026-03-11 06:30:08.601 PM] info: [Prisma Info] Starting a postgresql pool with 9 connections.
[2026-03-11 06:30:08.623 PM] info: Database connected successfully using Prisma ORM.
[2026-03-11 06:30:08.637 PM] info: Server is running at http://localhost:3000 | Mode: development
[2026-03-11 06:31:39.911 PM] info: [Prisma Info] Starting a postgresql pool with 9 connections.
[2026-03-11 06:31:39.930 PM] info: Database connected successfully using Prisma ORM.
[2026-03-11 06:31:39.938 PM] info: Server is running at http://localhost:3000 | Mode: development
[2026-03-11 06:31:54.825 PM] info: [Prisma Info] Starting a postgresql pool with 9 connections.
[2026-03-11 06:31:54.846 PM] info: Database connected successfully using Prisma ORM.
[2026-03-11 06:31:54.855 PM] info: Server is running at http://localhost:3000 | Mode: development
[2026-03-11 06:33:29.192 PM] info: [Prisma Info] Starting a postgresql pool with 9 connections.
[2026-03-11 06:33:29.224 PM] info: Database connected successfully using Prisma ORM.
[2026-03-11 06:33:29.236 PM] info: Server is running at http://localhost:3000 | Mode: development
[2026-03-11 06:34:07.130 PM] info: [Prisma Info] Starting a postgresql pool with 9 connections.
[2026-03-11 06:34:07.148 PM] info: Database connected successfully using Prisma ORM.
[2026-03-11 06:34:07.155 PM] info: Server is running at http://localhost:3000 | Mode: development
[2026-03-11 06:34:37.010 PM] info: [Prisma Info] Starting a postgresql pool with 9 connections.
[2026-03-11 06:34:37.028 PM] info: Database connected successfully using Prisma ORM.
[2026-03-11 06:34:37.035 PM] info: Server is running at http://localhost:3000 | Mode: development
[2026-03-11 06:35:09.943 PM] info: [Prisma Info] Starting a postgresql pool with 9 connections.
[2026-03-11 06:35:09.961 PM] info: Database connected successfully using Prisma ORM.
[2026-03-11 06:35:09.969 PM] info: Server is running at http://localhost:3000 | Mode: development
[2026-03-11 06:39:49.068 PM] info: [Prisma Info] Starting a postgresql pool with 9 connections.
[2026-03-11 06:39:49.087 PM] info: Database connected successfully using Prisma ORM.
[2026-03-11 06:39:49.095 PM] info: Server is running at http://localhost:3000 | Mode: development
[2026-03-11 06:40:19.891 PM] info: [Prisma Info] Starting a postgresql pool with 9 connections.
[2026-03-11 06:40:19.909 PM] info: Database connected successfully using Prisma ORM.
[2026-03-11 06:40:19.917 PM] info: Server is running at http://localhost:3000 | Mode: development
[2026-03-11 06:40:21.117 PM] info: [Prisma Info] Starting a postgresql pool with 9 connections.
[2026-03-11 06:40:21.135 PM] info: Database connected successfully using Prisma ORM.
[2026-03-11 06:40:21.142 PM] info: Server is running at http://localhost:3000 | Mode: development
[2026-03-11 06:40:27.790 PM] info: [Prisma Info] Starting a postgresql pool with 9 connections.
[2026-03-11 06:40:27.808 PM] info: Database connected successfully using Prisma ORM.
[2026-03-11 06:40:27.817 PM] info: Server is running at http://localhost:3000 | Mode: development
[2026-03-11 06:40:33.544 PM] info: [Prisma Info] Starting a postgresql pool with 9 connections.
[2026-03-11 06:40:33.568 PM] info: Database connected successfully using Prisma ORM.
[2026-03-11 06:40:33.576 PM] info: Server is running at http://localhost:3000 | Mode: development
[2026-03-11 06:40:40.355 PM] info: [Prisma Info] Starting a postgresql pool with 9 connections.
[2026-03-11 06:40:40.377 PM] info: Database connected successfully using Prisma ORM.
[2026-03-11 06:40:40.388 PM] info: Server is running at http://localhost:3000 | Mode: development
[2026-03-11 06:40:40.728 PM] info: [Prisma Info] Starting a postgresql pool with 9 connections.
[2026-03-11 06:40:40.747 PM] info: Database connected successfully using Prisma ORM.
[2026-03-11 06:40:40.755 PM] info: Server is running at http://localhost:3000 | Mode: development
[2026-03-11 06:40:45.334 PM] info: [Prisma Info] Starting a postgresql pool with 9 connections.
[2026-03-11 06:40:45.354 PM] info: Database connected successfully using Prisma ORM.
[2026-03-11 06:40:45.362 PM] info: Server is running at http://localhost:3000 | Mode: development
[2026-03-11 06:40:47.700 PM] info: [Prisma Info] Starting a postgresql pool with 9 connections.
[2026-03-11 06:40:47.718 PM] info: Database connected successfully using Prisma ORM.
[2026-03-11 06:40:47.727 PM] info: Server is running at http://localhost:3000 | Mode: development
[2026-03-11 06:40:56.840 PM] info: [Prisma Info] Starting a postgresql pool with 9 connections.
[2026-03-11 06:40:56.858 PM] info: Database connected successfully using Prisma ORM.
[2026-03-11 06:40:56.866 PM] info: Server is running at http://localhost:3000 | Mode: development
[2026-03-11 06:47:10.603 PM] info: [Prisma Info] Starting a postgresql pool with 9 connections.
[2026-03-11 06:47:10.623 PM] info: Database connected successfully using Prisma ORM.
[2026-03-11 06:47:10.638 PM] info: Server is running at http://localhost:3000 | Mode: development
[2026-03-11 06:47:13.694 PM] info: [Prisma Info] Starting a postgresql pool with 9 connections.
[2026-03-11 06:47:13.715 PM] info: Database connected successfully using Prisma ORM.
[2026-03-11 06:47:13.725 PM] info: Server is running at http://localhost:3000 | Mode: development
[2026-03-11 06:48:53.799 PM] info: [Prisma Info] Starting a postgresql pool with 9 connections.
[2026-03-11 06:48:53.826 PM] info: Database connected successfully using Prisma ORM.
[2026-03-11 06:48:53.836 PM] info: Server is running at http://localhost:3000 | Mode: development
[2026-03-11 06:48:58.431 PM] info: [Prisma Info] Starting a postgresql pool with 9 connections.
[2026-03-11 06:48:58.449 PM] info: Database connected successfully using Prisma ORM.
[2026-03-11 06:48:58.457 PM] info: Server is running at http://localhost:3000 | Mode: development
[2026-03-11 06:49:42.186 PM] info: [Prisma Info] Starting a postgresql pool with 9 connections.
[2026-03-11 06:49:42.218 PM] info: Database connected successfully using Prisma ORM.
[2026-03-11 06:49:42.235 PM] info: Server is running at http://localhost:3000 | Mode: development
[2026-03-11 06:49:51.269 PM] info: [Prisma Info] Starting a postgresql pool with 9 connections.
[2026-03-11 06:49:51.288 PM] info: Database connected successfully using Prisma ORM.
[2026-03-11 06:49:51.296 PM] info: Server is running at http://localhost:3000 | Mode: development
[2026-03-11 06:49:53.001 PM] info: [Prisma Info] Starting a postgresql pool with 9 connections.
[2026-03-11 06:49:53.018 PM] info: Database connected successfully using Prisma ORM.
[2026-03-11 06:49:53.025 PM] info: Server is running at http://localhost:3000 | Mode: development
