[2026-03-14 03:09:33.430 PM] info: [Prisma Info] Starting a postgresql pool with 9 connections.
[2026-03-14 03:09:33.446 PM] info: Database connected successfully using Prisma ORM.
[2026-03-14 03:09:33.453 PM] info: Server is running at http://localhost:3000 | Mode: development
[2026-03-14 03:10:00.404 PM] debug: [Prisma Query] duration: 9ms - query: SELECT 1
[2026-03-14 03:10:00.425 PM] debug: [Prisma Query] duration: 14ms - query: SELECT "public"."User"."id", "public"."User"."username", "public"."User"."id_personal" FROM "public"."User" WHERE ("public"."User"."id_personal" = $1 AND 1=1) LIMIT $2 OFFSET $3
[2026-03-14 03:10:00.428 PM] error: 404 - User not found - /api/v1/user/all - GET - ::ffff:127.0.0.1
[2026-03-14 03:10:00.429 PM] error: Error: User not found
    at Object.getUser (file:///srv/http/start-kit-V1/api-expresjs/src/modules/user/user.service.js:33:13)
    at async UserController.handlerGetUser (file:///srv/http/start-kit-V1/api-expresjs/src/modules/user/user.controller.js:42:20)
[2026-03-14 03:10:22.923 PM] info: [Prisma Info] Starting a postgresql pool with 9 connections.
[2026-03-14 03:10:22.935 PM] info: Database connected successfully using Prisma ORM.
[2026-03-14 03:10:22.941 PM] info: Server is running at http://localhost:3000 | Mode: development
[2026-03-14 03:10:57.506 PM] info: [Prisma Info] Starting a postgresql pool with 9 connections.
[2026-03-14 03:10:57.519 PM] info: Database connected successfully using Prisma ORM.
[2026-03-14 03:10:57.524 PM] info: Server is running at http://localhost:3000 | Mode: development
[2026-03-14 03:38:46.077 PM] info: [Prisma Info] Starting a postgresql pool with 9 connections.
[2026-03-14 03:38:46.090 PM] info: Database connected successfully using Prisma ORM.
[2026-03-14 03:38:46.097 PM] info: Server is running at http://localhost:3000 | Mode: development
[2026-03-14 03:53:31.240 PM] info: [Prisma Info] Starting a postgresql pool with 9 connections.
[2026-03-14 03:53:31.255 PM] info: Database connected successfully using Prisma ORM.
[2026-03-14 03:53:31.262 PM] info: Server is running at http://localhost:3000 | Mode: development
[2026-03-14 03:53:48.185 PM] info: [Prisma Info] Starting a postgresql pool with 9 connections.
[2026-03-14 03:53:48.197 PM] info: Database connected successfully using Prisma ORM.
[2026-03-14 03:53:48.204 PM] info: Server is running at http://localhost:3000 | Mode: development
[2026-03-14 04:45:25.159 PM] info: [Prisma Info] Starting a postgresql pool with 9 connections.
[2026-03-14 04:45:25.173 PM] info: Database connected successfully using Prisma ORM.
[2026-03-14 04:45:25.179 PM] info: Server is running at http://localhost:3000 | Mode: development
[2026-03-14 04:45:32.137 PM] info: [Prisma Info] Starting a postgresql pool with 9 connections.
[2026-03-14 04:45:32.149 PM] info: Database connected successfully using Prisma ORM.
[2026-03-14 04:45:32.155 PM] info: Server is running at http://localhost:3000 | Mode: development
[2026-03-14 04:46:29.544 PM] info: [Prisma Info] Starting a postgresql pool with 9 connections.
[2026-03-14 04:46:29.557 PM] info: Database connected successfully using Prisma ORM.
[2026-03-14 04:46:29.563 PM] info: Server is running at http://localhost:3000 | Mode: development
[2026-03-14 04:46:31.578 PM] info: [Prisma Info] Starting a postgresql pool with 9 connections.
[2026-03-14 04:46:31.591 PM] info: Database connected successfully using Prisma ORM.
[2026-03-14 04:46:31.598 PM] info: Server is running at http://localhost:3000 | Mode: development
[2026-03-14 04:48:26.173 PM] info: [Prisma Info] Starting a postgresql pool with 9 connections.
[2026-03-14 04:48:26.187 PM] info: Database connected successfully using Prisma ORM.
[2026-03-14 04:48:26.193 PM] info: Server is running at http://localhost:3000 | Mode: development
[2026-03-14 05:08:52.122 PM] info: [Prisma Info] Starting a postgresql pool with 9 connections.
[2026-03-14 05:08:52.150 PM] info: Database connected successfully using Prisma ORM.
[2026-03-14 05:08:52.167 PM] info: Server is running at http://localhost:3000 | Mode: development
[2026-03-14 05:09:21.780 PM] info: [Prisma Info] Starting a postgresql pool with 9 connections.
[2026-03-14 05:09:21.792 PM] info: Database connected successfully using Prisma ORM.
[2026-03-14 05:09:21.798 PM] info: Server is running at http://localhost:3000 | Mode: development
[2026-03-14 05:09:40.157 PM] info: Mematikan server (Graceful Shutdown)...
[2026-03-14 05:09:40.161 PM] info: Database connection closed gracefully.
[2026-03-14 05:09:46.519 PM] info: [Prisma Info] Starting a postgresql pool with 9 connections.
[2026-03-14 05:09:46.532 PM] info: Database connected successfully using Prisma ORM.
[2026-03-14 05:09:46.538 PM] info: Server is running at http://localhost:3000 | Mode: development
[2026-03-14 05:12:17.028 PM] info: [Prisma Info] Starting a postgresql pool with 9 connections.
[2026-03-14 05:12:17.040 PM] info: Database connected successfully using Prisma ORM.
[2026-03-14 05:12:17.046 PM] info: Server is running at http://localhost:3000 | Mode: development
[2026-03-14 05:12:27.844 PM] info: [Prisma Info] Starting a postgresql pool with 9 connections.
[2026-03-14 05:12:27.856 PM] info: Database connected successfully using Prisma ORM.
[2026-03-14 05:12:27.862 PM] info: Server is running at http://localhost:3000 | Mode: development
[2026-03-14 05:13:49.718 PM] info: [Prisma Info] Starting a postgresql pool with 9 connections.
[2026-03-14 05:13:49.738 PM] info: Database connected successfully using Prisma ORM.
[2026-03-14 05:13:49.758 PM] info: Server is running at http://localhost:3000 | Mode: development
[2026-03-14 05:14:06.258 PM] info: [Prisma Info] Starting a postgresql pool with 9 connections.
[2026-03-14 05:14:06.270 PM] info: Database connected successfully using Prisma ORM.
[2026-03-14 05:14:06.276 PM] info: Server is running at http://localhost:3000 | Mode: development
[2026-03-14 05:14:13.842 PM] info: [Prisma Info] Starting a postgresql pool with 9 connections.
[2026-03-14 05:14:13.854 PM] info: Database connected successfully using Prisma ORM.
[2026-03-14 05:14:13.859 PM] info: Server is running at http://localhost:3000 | Mode: development
[2026-03-14 05:15:16.179 PM] info: [Prisma Info] Starting a postgresql pool with 9 connections.
[2026-03-14 05:15:16.203 PM] info: Database connected successfully using Prisma ORM.
[2026-03-14 05:15:16.210 PM] info: Server is running at http://localhost:3000 | Mode: development
[2026-03-14 05:15:20.454 PM] info: [Prisma Info] Starting a postgresql pool with 9 connections.
[2026-03-14 05:15:20.467 PM] info: Database connected successfully using Prisma ORM.
[2026-03-14 05:15:20.473 PM] info: Server is running at http://localhost:3000 | Mode: development
[2026-03-14 05:16:31.113 PM] info: [Prisma Info] Starting a postgresql pool with 9 connections.
[2026-03-14 05:16:31.141 PM] info: Database connected successfully using Prisma ORM.
[2026-03-14 05:16:31.156 PM] info: Server is running at http://localhost:3000 | Mode: development
[2026-03-14 05:24:41.666 PM] debug: [Prisma Query] duration: 0ms - query: SELECT "public"."User"."id", "public"."User"."username", "public"."User"."id_personal" FROM "public"."User" WHERE ("public"."User"."id_personal" = $1 AND 1=1) LIMIT $2 OFFSET $3
[2026-03-14 05:24:41.668 PM] error: 404 - User not found - /api/v1/user/all - GET - ::ffff:127.0.0.1
[2026-03-14 05:24:41.668 PM] error: Error: User not found
    at Object.getUser (file:///srv/http/start-kit-V1/api-expresjs/src/modules/user/user.service.js:33:13)
    at async UserController.handlerGetUser (file:///srv/http/start-kit-V1/api-expresjs/src/modules/user/user.controller.js:42:20)
[2026-03-14 05:25:09.294 PM] info: [Prisma Info] Starting a postgresql pool with 9 connections.
[2026-03-14 05:25:09.312 PM] info: Database connected successfully using Prisma ORM.
[2026-03-14 05:25:09.321 PM] info: Server is running at http://localhost:3000 | Mode: development
[2026-03-14 05:25:32.966 PM] info: [Prisma Info] Starting a postgresql pool with 9 connections.
[2026-03-14 05:25:32.986 PM] info: Database connected successfully using Prisma ORM.
[2026-03-14 05:25:32.995 PM] info: Server is running at http://localhost:3000 | Mode: development
[2026-03-14 05:30:41.266 PM] info: [Prisma Info] Starting a postgresql pool with 9 connections.
[2026-03-14 05:30:41.288 PM] info: Database connected successfully using Prisma ORM.
[2026-03-14 05:30:41.302 PM] info: Server is running at http://localhost:3000 | Mode: development
[2026-03-14 05:33:17.274 PM] info: [Prisma Info] Starting a postgresql pool with 9 connections.
[2026-03-14 05:33:17.299 PM] info: Database connected successfully using Prisma ORM.
[2026-03-14 05:33:17.309 PM] info: Server is running at http://localhost:3000 | Mode: development
[2026-03-14 05:33:19.028 PM] info: [Prisma Info] Starting a postgresql pool with 9 connections.
[2026-03-14 05:33:19.046 PM] info: Database connected successfully using Prisma ORM.
[2026-03-14 05:33:19.055 PM] info: Server is running at http://localhost:3000 | Mode: development
[2026-03-14 05:33:21.723 PM] info: [Prisma Info] Starting a postgresql pool with 9 connections.
[2026-03-14 05:33:21.741 PM] info: Database connected successfully using Prisma ORM.
[2026-03-14 05:33:21.769 PM] info: Server is running at http://localhost:3000 | Mode: development
[2026-03-14 05:33:56.558 PM] info: [Prisma Info] Starting a postgresql pool with 9 connections.
[2026-03-14 05:33:56.574 PM] info: Database connected successfully using Prisma ORM.
[2026-03-14 05:33:56.583 PM] info: Server is running at http://localhost:3000 | Mode: development
[2026-03-14 05:34:43.375 PM] info: [Prisma Info] Starting a postgresql pool with 9 connections.
[2026-03-14 05:34:43.399 PM] info: Database connected successfully using Prisma ORM.
[2026-03-14 05:34:43.411 PM] info: Server is running at http://localhost:3000 | Mode: development
[2026-03-14 05:46:47.806 PM] info: [Prisma Info] Starting a postgresql pool with 9 connections.
[2026-03-14 05:46:47.828 PM] info: Database connected successfully using Prisma ORM.
[2026-03-14 05:46:47.838 PM] info: Server is running at http://localhost:3000 | Mode: development
[2026-03-14 05:47:01.359 PM] info: [Prisma Info] Starting a postgresql pool with 9 connections.
[2026-03-14 05:47:01.376 PM] info: Database connected successfully using Prisma ORM.
[2026-03-14 05:47:01.387 PM] info: Server is running at http://localhost:3000 | Mode: development
[2026-03-14 05:47:06.164 PM] debug: [Prisma Query] duration: 1ms - query: SELECT "public"."User"."id", "public"."User"."username", "public"."User"."id_personal" FROM "public"."User" WHERE ("public"."User"."id_personal" = $1 AND 1=1) LIMIT $2 OFFSET $3
[2026-03-14 05:47:06.167 PM] error: 404 - User not found - /api/v1/user/all - GET - ::ffff:127.0.0.1
[2026-03-14 05:47:06.167 PM] error: Error: User not found
    at Object.getUser (file:///srv/http/start-kit-V1/api-expresjs/src/modules/user/user.service.js:33:13)
    at async UserController.handlerGetUser (file:///srv/http/start-kit-V1/api-expresjs/src/modules/user/user.controller.js:42:20)
[2026-03-14 05:53:14.261 PM] info: [Prisma Info] Starting a postgresql pool with 9 connections.
[2026-03-14 05:53:14.278 PM] info: Database connected successfully using Prisma ORM.
[2026-03-14 05:53:14.286 PM] info: Server is running at http://localhost:3000 | Mode: development
[2026-03-14 05:58:12.609 PM] info: [Prisma Info] Starting a postgresql pool with 9 connections.
[2026-03-14 05:58:12.627 PM] info: Database connected successfully using Prisma ORM.
[2026-03-14 05:58:12.644 PM] info: Server is running at http://localhost:3000 | Mode: development
[2026-03-14 05:58:14.243 PM] info: [Prisma Info] Starting a postgresql pool with 9 connections.
[2026-03-14 05:58:14.261 PM] info: Database connected successfully using Prisma ORM.
[2026-03-14 05:58:14.269 PM] info: Server is running at http://localhost:3000 | Mode: development
[2026-03-14 05:58:54.499 PM] debug: [Prisma Query] duration: 0ms - query: SELECT 1
[2026-03-14 05:58:54.501 PM] debug: [Prisma Query] duration: 0ms - query: SELECT "public"."User"."id", "public"."User"."username", "public"."User"."id_personal" FROM "public"."User" WHERE ("public"."User"."id_personal" = $1 AND 1=1) LIMIT $2 OFFSET $3
[2026-03-14 05:58:54.502 PM] error: 404 - User not found - /api/v1/user/all - GET - ::ffff:127.0.0.1
[2026-03-14 05:58:54.503 PM] error: Error: User not found
    at Object.getUser (file:///srv/http/start-kit-V1/api-expresjs/src/modules/user/user.service.js:33:13)
    at async UserController.handlerGetUser (file:///srv/http/start-kit-V1/api-expresjs/src/modules/user/user.controller.js:42:20)
[2026-03-14 06:01:29.315 PM] info: [Prisma Info] Starting a postgresql pool with 9 connections.
[2026-03-14 06:01:29.333 PM] info: Database connected successfully using Prisma ORM.
[2026-03-14 06:01:29.341 PM] info: Server is running at http://localhost:3000 | Mode: development
[2026-03-14 06:01:35.378 PM] info: [Prisma Info] Starting a postgresql pool with 9 connections.
[2026-03-14 06:01:35.395 PM] info: Database connected successfully using Prisma ORM.
[2026-03-14 06:01:35.403 PM] info: Server is running at http://localhost:3000 | Mode: development
[2026-03-14 06:04:05.610 PM] info: [Prisma Info] Starting a postgresql pool with 9 connections.
[2026-03-14 06:04:05.627 PM] info: Database connected successfully using Prisma ORM.
[2026-03-14 06:04:05.638 PM] info: Server is running at http://localhost:3000 | Mode: development
[2026-03-14 06:06:28.366 PM] info: Mematikan server (Graceful Shutdown)...
[2026-03-14 06:18:01.885 PM] info: [Prisma Info] Starting a postgresql pool with 9 connections.
[2026-03-14 06:18:01.911 PM] info: Database connected successfully using Prisma ORM.
[2026-03-14 06:18:01.930 PM] info: Server is running at http://localhost:3000 | Mode: development
[2026-03-14 06:18:38.661 PM] debug: [Prisma Query] duration: 9ms - query: SELECT 1
[2026-03-14 06:18:38.683 PM] debug: [Prisma Query] duration: 15ms - query: SELECT "public"."User"."id", "public"."User"."username", "public"."User"."id_personal" FROM "public"."User" WHERE ("public"."User"."id_personal" = $1 AND 1=1) LIMIT $2 OFFSET $3
[2026-03-14 06:18:38.687 PM] error: 404 - User not found - /api/v1/user/all - GET - ::ffff:127.0.0.1
[2026-03-14 06:18:38.688 PM] error: Error: User not found
    at Object.getUser (file:///srv/http/start-kit-V1/api-expresjs/src/modules/user/user.service.js:33:13)
    at async UserController.handlerGetUser (file:///srv/http/start-kit-V1/api-expresjs/src/modules/user/user.controller.js:42:20)
[2026-03-14 06:20:54.241 PM] info: [Prisma Info] Starting a postgresql pool with 9 connections.
[2026-03-14 06:20:54.285 PM] info: Database connected successfully using Prisma ORM.
[2026-03-14 06:20:54.312 PM] info: Server is running at http://localhost:3000 | Mode: development
[2026-03-14 06:21:49.766 PM] debug: [Prisma Query] duration: 0ms - query: SELECT 1
[2026-03-14 06:21:49.767 PM] debug: [Prisma Query] duration: 1ms - query: SELECT "public"."User"."id", "public"."User"."username", "public"."User"."id_personal" FROM "public"."User" WHERE ("public"."User"."id_personal" = $1 AND 1=1) LIMIT $2 OFFSET $3
[2026-03-14 06:21:49.769 PM] error: 404 - User not found - /api/v1/user/all - GET - ::ffff:127.0.0.1
[2026-03-14 06:21:49.770 PM] error: Error: User not found
    at Object.getUser (file:///srv/http/start-kit-V1/api-expresjs/src/modules/user/user.service.js:33:13)
    at async UserController.handlerGetUser (file:///srv/http/start-kit-V1/api-expresjs/src/modules/user/user.controller.js:42:20)
[2026-03-14 06:26:07.039 PM] info: [Prisma Info] Starting a postgresql pool with 9 connections.
[2026-03-14 06:26:07.058 PM] info: Database connected successfully using Prisma ORM.
[2026-03-14 06:26:07.071 PM] info: Server is running at http://localhost:3000 | Mode: development
[2026-03-14 06:26:17.921 PM] info: [Prisma Info] Starting a postgresql pool with 9 connections.
[2026-03-14 06:26:17.938 PM] info: Database connected successfully using Prisma ORM.
[2026-03-14 06:26:17.946 PM] info: Server is running at http://localhost:3000 | Mode: development
[2026-03-14 06:26:46.842 PM] info: [Prisma Info] Starting a postgresql pool with 9 connections.
[2026-03-14 06:26:46.859 PM] info: Database connected successfully using Prisma ORM.
[2026-03-14 06:26:46.868 PM] info: Server is running at http://localhost:3000 | Mode: development
[2026-03-14 06:26:52.792 PM] info: [Prisma Info] Starting a postgresql pool with 9 connections.
[2026-03-14 06:26:52.810 PM] info: Database connected successfully using Prisma ORM.
[2026-03-14 06:26:52.823 PM] info: Server is running at http://localhost:3000 | Mode: development
[2026-03-14 06:27:28.250 PM] info: [Prisma Info] Starting a postgresql pool with 9 connections.
[2026-03-14 06:27:28.268 PM] info: Database connected successfully using Prisma ORM.
[2026-03-14 06:27:28.276 PM] info: Server is running at http://localhost:3000 | Mode: development
[2026-03-14 06:27:31.619 PM] debug: [Prisma Query] duration: 1ms - query: SELECT "public"."User"."id", "public"."User"."username", "public"."User"."id_personal" FROM "public"."User" WHERE ("public"."User"."id_personal" = $1 AND 1=1) LIMIT $2 OFFSET $3
[2026-03-14 06:27:31.621 PM] error: 404 - User not found - /api/v1/user/all - GET - ::ffff:127.0.0.1
[2026-03-14 06:27:31.622 PM] error: Error: User not found
    at Object.getUser (file:///srv/http/start-kit-V1/api-expresjs/src/modules/user/user.service.js:39:13)
    at async UserController.handlerGetUser (file:///srv/http/start-kit-V1/api-expresjs/src/modules/user/user.controller.js:42:20)
[2026-03-14 06:37:26.401 PM] info: [Prisma Info] Starting a postgresql pool with 9 connections.
[2026-03-14 06:37:26.421 PM] info: Database connected successfully using Prisma ORM.
[2026-03-14 06:37:26.439 PM] info: Server is running at http://localhost:3000 | Mode: development
[2026-03-14 06:37:28.314 PM] info: [Prisma Info] Starting a postgresql pool with 9 connections.
[2026-03-14 06:37:28.335 PM] info: Database connected successfully using Prisma ORM.
[2026-03-14 06:37:28.347 PM] info: Server is running at http://localhost:3000 | Mode: development
[2026-03-14 06:37:36.064 PM] info: [Prisma Info] Starting a postgresql pool with 9 connections.
[2026-03-14 06:37:36.083 PM] info: Database connected successfully using Prisma ORM.
[2026-03-14 06:37:36.092 PM] info: Server is running at http://localhost:3000 | Mode: development
[2026-03-14 06:37:38.078 PM] info: [Prisma Info] Starting a postgresql pool with 9 connections.
[2026-03-14 06:37:38.103 PM] info: Database connected successfully using Prisma ORM.
[2026-03-14 06:37:38.121 PM] info: Server is running at http://localhost:3000 | Mode: development
[2026-03-14 06:37:44.653 PM] info: [Prisma Info] Starting a postgresql pool with 9 connections.
[2026-03-14 06:37:44.676 PM] info: Database connected successfully using Prisma ORM.
[2026-03-14 06:37:44.691 PM] info: Server is running at http://localhost:3000 | Mode: development
[2026-03-14 06:37:46.737 PM] info: [Prisma Info] Starting a postgresql pool with 9 connections.
[2026-03-14 06:37:46.759 PM] info: Database connected successfully using Prisma ORM.
[2026-03-14 06:37:46.775 PM] info: Server is running at http://localhost:3000 | Mode: development
[2026-03-14 06:37:48.614 PM] info: [Prisma Info] Starting a postgresql pool with 9 connections.
[2026-03-14 06:37:48.635 PM] info: Database connected successfully using Prisma ORM.
[2026-03-14 06:37:48.644 PM] info: Server is running at http://localhost:3000 | Mode: development
[2026-03-14 06:38:13.268 PM] info: [Prisma Info] Starting a postgresql pool with 9 connections.
[2026-03-14 06:38:13.289 PM] info: Database connected successfully using Prisma ORM.
[2026-03-14 06:38:13.300 PM] info: Server is running at http://localhost:3000 | Mode: development
[2026-03-14 06:39:46.661 PM] info: [Prisma Info] Starting a postgresql pool with 9 connections.
[2026-03-14 06:39:46.691 PM] info: Database connected successfully using Prisma ORM.
[2026-03-14 06:39:46.704 PM] info: Server is running at http://localhost:3000 | Mode: development
[2026-03-14 06:39:50.347 PM] info: [Prisma Info] Starting a postgresql pool with 9 connections.
[2026-03-14 06:39:50.366 PM] info: Database connected successfully using Prisma ORM.
[2026-03-14 06:39:50.377 PM] info: Server is running at http://localhost:3000 | Mode: development
[2026-03-14 06:39:52.336 PM] info: [Prisma Info] Starting a postgresql pool with 9 connections.
[2026-03-14 06:39:52.359 PM] info: Database connected successfully using Prisma ORM.
[2026-03-14 06:39:52.372 PM] info: Server is running at http://localhost:3000 | Mode: development
[2026-03-14 06:39:53.403 PM] info: [Prisma Info] Starting a postgresql pool with 9 connections.
[2026-03-14 06:39:53.422 PM] info: Database connected successfully using Prisma ORM.
[2026-03-14 06:39:53.431 PM] info: Server is running at http://localhost:3000 | Mode: development
[2026-03-14 06:39:54.171 PM] info: [Prisma Info] Starting a postgresql pool with 9 connections.
[2026-03-14 06:39:54.189 PM] info: Database connected successfully using Prisma ORM.
[2026-03-14 06:39:54.199 PM] info: Server is running at http://localhost:3000 | Mode: development
[2026-03-14 06:39:55.267 PM] info: [Prisma Info] Starting a postgresql pool with 9 connections.
[2026-03-14 06:39:55.287 PM] info: Database connected successfully using Prisma ORM.
[2026-03-14 06:39:55.300 PM] info: Server is running at http://localhost:3000 | Mode: development
[2026-03-14 06:40:04.097 PM] info: [Prisma Info] Starting a postgresql pool with 9 connections.
[2026-03-14 06:40:04.124 PM] info: Database connected successfully using Prisma ORM.
[2026-03-14 06:40:04.133 PM] info: Server is running at http://localhost:3000 | Mode: development
[2026-03-14 06:40:07.105 PM] info: [Prisma Info] Starting a postgresql pool with 9 connections.
[2026-03-14 06:40:07.123 PM] info: Database connected successfully using Prisma ORM.
[2026-03-14 06:40:07.132 PM] info: Server is running at http://localhost:3000 | Mode: development
[2026-03-14 06:40:18.502 PM] info: [Prisma Info] Starting a postgresql pool with 9 connections.
[2026-03-14 06:40:18.522 PM] info: Database connected successfully using Prisma ORM.
[2026-03-14 06:40:18.534 PM] info: Server is running at http://localhost:3000 | Mode: development
[2026-03-14 06:41:15.242 PM] info: [Prisma Info] Starting a postgresql pool with 9 connections.
[2026-03-14 06:41:15.260 PM] info: Database connected successfully using Prisma ORM.
[2026-03-14 06:41:15.268 PM] info: Server is running at http://localhost:3000 | Mode: development
[2026-03-14 06:41:53.258 PM] info: [Prisma Info] Starting a postgresql pool with 9 connections.
[2026-03-14 06:41:53.276 PM] info: Database connected successfully using Prisma ORM.
[2026-03-14 06:41:53.285 PM] info: Server is running at http://localhost:3000 | Mode: development
[2026-03-14 06:42:20.173 PM] info: Mematikan server (Graceful Shutdown)...
[2026-03-14 06:42:20.177 PM] info: Database connection closed gracefully.
[2026-03-14 06:42:27.494 PM] info: [Prisma Info] Starting a postgresql pool with 9 connections.
[2026-03-14 06:42:27.516 PM] info: Database connected successfully using Prisma ORM.
[2026-03-14 06:42:27.529 PM] info: Server is running at http://localhost:3000 | Mode: development
[2026-03-14 06:42:29.915 PM] debug: [Prisma Query] duration: 1ms - query: SELECT "public"."User"."id", "public"."User"."username", "public"."User"."id_personal" FROM "public"."User" WHERE ("public"."User"."id_personal" = $1 AND 1=1) LIMIT $2 OFFSET $3
[2026-03-14 06:42:29.917 PM] error: 404 - User not found - /api/v1/user/all - GET - ::ffff:127.0.0.1
[2026-03-14 06:42:29.918 PM] error: Error: User not found
    at Object.getUser (file:///srv/http/start-kit-V1/api-expresjs/src/modules/user/application/use-cases/user.service.js:39:13)
    at async UserController.handlerGetUser (file:///srv/http/start-kit-V1/api-expresjs/src/modules/user/infrastructure/http/user.controller.js:42:20)
[2026-03-14 06:42:31.050 PM] debug: [Prisma Query] duration: 0ms - query: SELECT "public"."User"."id", "public"."User"."username", "public"."User"."id_personal" FROM "public"."User" WHERE ("public"."User"."id_personal" = $1 AND 1=1) LIMIT $2 OFFSET $3
[2026-03-14 06:42:31.051 PM] error: 404 - User not found - /api/v1/user/all - GET - ::ffff:127.0.0.1
[2026-03-14 06:42:31.051 PM] error: Error: User not found
    at Object.getUser (file:///srv/http/start-kit-V1/api-expresjs/src/modules/user/application/use-cases/user.service.js:39:13)
    at async UserController.handlerGetUser (file:///srv/http/start-kit-V1/api-expresjs/src/modules/user/infrastructure/http/user.controller.js:42:20)
[2026-03-14 06:51:40.067 PM] info: [Prisma Info] Starting a postgresql pool with 9 connections.
[2026-03-14 06:51:40.085 PM] info: Database connected successfully using Prisma ORM.
[2026-03-14 06:51:40.093 PM] info: Server is running at http://localhost:3000 | Mode: development
[2026-03-14 06:51:41.902 PM] debug: [Prisma Query] duration: 2ms - query: SELECT "public"."User"."id", "public"."User"."username", "public"."User"."id_personal" FROM "public"."User" WHERE ("public"."User"."id_personal" = $1 AND 1=1) LIMIT $2 OFFSET $3
[2026-03-14 06:51:41.905 PM] error: 404 - User not found - /api/v1/user/all - GET - ::ffff:127.0.0.1
[2026-03-14 06:51:41.905 PM] error: Error: User not found
    at Object.getUser (file:///srv/http/start-kit-V1/api-expresjs/src/modules/user/application/use-cases/user.service.js:35:13)
    at async UserController.handlerGetUser (file:///srv/http/start-kit-V1/api-expresjs/src/modules/user/infrastructure/http/user.controller.js:42:20)
[2026-03-14 06:55:37.656 PM] info: [Prisma Info] Starting a postgresql pool with 9 connections.
[2026-03-14 06:55:37.692 PM] info: Database connected successfully using Prisma ORM.
[2026-03-14 06:55:37.710 PM] info: Server is running at http://localhost:3000 | Mode: development
[2026-03-14 06:55:52.413 PM] info: [Prisma Info] Starting a postgresql pool with 9 connections.
[2026-03-14 06:55:52.434 PM] info: Database connected successfully using Prisma ORM.
[2026-03-14 06:55:52.450 PM] info: Server is running at http://localhost:3000 | Mode: development
