[2026-03-14 03:10:00.428 PM] error: 404 - User not found - /api/v1/user/all - GET - ::ffff:127.0.0.1
[2026-03-14 03:10:00.429 PM] error: Error: User not found
    at Object.getUser (file:///srv/http/start-kit-V1/api-expresjs/src/modules/user/user.service.js:33:13)
    at async UserController.handlerGetUser (file:///srv/http/start-kit-V1/api-expresjs/src/modules/user/user.controller.js:42:20)
[2026-03-14 05:24:41.668 PM] error: 404 - User not found - /api/v1/user/all - GET - ::ffff:127.0.0.1
[2026-03-14 05:24:41.668 PM] error: Error: User not found
    at Object.getUser (file:///srv/http/start-kit-V1/api-expresjs/src/modules/user/user.service.js:33:13)
    at async UserController.handlerGetUser (file:///srv/http/start-kit-V1/api-expresjs/src/modules/user/user.controller.js:42:20)
[2026-03-14 05:47:06.167 PM] error: 404 - User not found - /api/v1/user/all - GET - ::ffff:127.0.0.1
[2026-03-14 05:47:06.167 PM] error: Error: User not found
    at Object.getUser (file:///srv/http/start-kit-V1/api-expresjs/src/modules/user/user.service.js:33:13)
    at async UserController.handlerGetUser (file:///srv/http/start-kit-V1/api-expresjs/src/modules/user/user.controller.js:42:20)
[2026-03-14 05:58:54.502 PM] error: 404 - User not found - /api/v1/user/all - GET - ::ffff:127.0.0.1
[2026-03-14 05:58:54.503 PM] error: Error: User not found
    at Object.getUser (file:///srv/http/start-kit-V1/api-expresjs/src/modules/user/user.service.js:33:13)
    at async UserController.handlerGetUser (file:///srv/http/start-kit-V1/api-expresjs/src/modules/user/user.controller.js:42:20)
[2026-03-14 06:18:38.687 PM] error: 404 - User not found - /api/v1/user/all - GET - ::ffff:127.0.0.1
[2026-03-14 06:18:38.688 PM] error: Error: User not found
    at Object.getUser (file:///srv/http/start-kit-V1/api-expresjs/src/modules/user/user.service.js:33:13)
    at async UserController.handlerGetUser (file:///srv/http/start-kit-V1/api-expresjs/src/modules/user/user.controller.js:42:20)
[2026-03-14 06:21:49.769 PM] error: 404 - User not found - /api/v1/user/all - GET - ::ffff:127.0.0.1
[2026-03-14 06:21:49.770 PM] error: Error: User not found
    at Object.getUser (file:///srv/http/start-kit-V1/api-expresjs/src/modules/user/user.service.js:33:13)
    at async UserController.handlerGetUser (file:///srv/http/start-kit-V1/api-expresjs/src/modules/user/user.controller.js:42:20)
[2026-03-14 06:27:31.621 PM] error: 404 - User not found - /api/v1/user/all - GET - ::ffff:127.0.0.1
[2026-03-14 06:27:31.622 PM] error: Error: User not found
    at Object.getUser (file:///srv/http/start-kit-V1/api-expresjs/src/modules/user/user.service.js:39:13)
    at async UserController.handlerGetUser (file:///srv/http/start-kit-V1/api-expresjs/src/modules/user/user.controller.js:42:20)
[2026-03-14 06:42:29.917 PM] error: 404 - User not found - /api/v1/user/all - GET - ::ffff:127.0.0.1
[2026-03-14 06:42:29.918 PM] error: Error: User not found
    at Object.getUser (file:///srv/http/start-kit-V1/api-expresjs/src/modules/user/application/use-cases/user.service.js:39:13)
    at async UserController.handlerGetUser (file:///srv/http/start-kit-V1/api-expresjs/src/modules/user/infrastructure/http/user.controller.js:42:20)
[2026-03-14 06:42:31.051 PM] error: 404 - User not found - /api/v1/user/all - GET - ::ffff:127.0.0.1
[2026-03-14 06:42:31.051 PM] error: Error: User not found
    at Object.getUser (file:///srv/http/start-kit-V1/api-expresjs/src/modules/user/application/use-cases/user.service.js:39:13)
    at async UserController.handlerGetUser (file:///srv/http/start-kit-V1/api-expresjs/src/modules/user/infrastructure/http/user.controller.js:42:20)
[2026-03-14 06:51:41.905 PM] error: 404 - User not found - /api/v1/user/all - GET - ::ffff:127.0.0.1
[2026-03-14 06:51:41.905 PM] error: Error: User not found
    at Object.getUser (file:///srv/http/start-kit-V1/api-expresjs/src/modules/user/application/use-cases/user.service.js:35:13)
    at async UserController.handlerGetUser (file:///srv/http/start-kit-V1/api-expresjs/src/modules/user/infrastructure/http/user.controller.js:42:20)
[2026-03-14 06:58:33.987 PM] error: 404 - User not found - /api/v1/user/all - GET - ::ffff:127.0.0.1
[2026-03-14 06:58:33.988 PM] error: Error: User not found
    at Object.getUser (file:///srv/http/start-kit-V1/api-expresjs/src/modules/user/application/use-cases/user.service.js:35:13)
    at async UserController.handlerGetUser (file:///srv/http/start-kit-V1/api-expresjs/src/modules/user/infrastructure/http/user.controller.js:42:20)
[2026-03-14 07:07:44.892 PM] error: 404 - API Route tidak ditemukan - / - GET - ::ffff:127.0.0.1
[2026-03-14 07:07:44.893 PM] error: Error: API Route tidak ditemukan
    at file:///srv/http/start-kit-V1/api-expresjs/src/app.js:55:10
    at Layer.handleRequest (/srv/http/start-kit-V1/api-expresjs/node_modules/router/lib/layer.js:152:17)
    at trimPrefix (/srv/http/start-kit-V1/api-expresjs/node_modules/router/index.js:342:13)
    at /srv/http/start-kit-V1/api-expresjs/node_modules/router/index.js:297:9
    at processParams (/srv/http/start-kit-V1/api-expresjs/node_modules/router/index.js:582:12)
    at next (/srv/http/start-kit-V1/api-expresjs/node_modules/router/index.js:291:5)
    at read (/srv/http/start-kit-V1/api-expresjs/node_modules/body-parser/lib/read.js:53:5)
    at urlencodedParser (/srv/http/start-kit-V1/api-expresjs/node_modules/body-parser/lib/types/urlencoded.js:57:5)
    at Layer.handleRequest (/srv/http/start-kit-V1/api-expresjs/node_modules/router/lib/layer.js:152:17)
    at trimPrefix (/srv/http/start-kit-V1/api-expresjs/node_modules/router/index.js:342:13)
[2026-03-14 07:07:45.022 PM] error: 404 - API Route tidak ditemukan - /favicon.ico - GET - ::ffff:127.0.0.1
[2026-03-14 07:07:45.022 PM] error: Error: API Route tidak ditemukan
    at file:///srv/http/start-kit-V1/api-expresjs/src/app.js:55:10
    at Layer.handleRequest (/srv/http/start-kit-V1/api-expresjs/node_modules/router/lib/layer.js:152:17)
    at trimPrefix (/srv/http/start-kit-V1/api-expresjs/node_modules/router/index.js:342:13)
    at /srv/http/start-kit-V1/api-expresjs/node_modules/router/index.js:297:9
    at processParams (/srv/http/start-kit-V1/api-expresjs/node_modules/router/index.js:582:12)
    at next (/srv/http/start-kit-V1/api-expresjs/node_modules/router/index.js:291:5)
    at read (/srv/http/start-kit-V1/api-expresjs/node_modules/body-parser/lib/read.js:53:5)
    at urlencodedParser (/srv/http/start-kit-V1/api-expresjs/node_modules/body-parser/lib/types/urlencoded.js:57:5)
    at Layer.handleRequest (/srv/http/start-kit-V1/api-expresjs/node_modules/router/lib/layer.js:152:17)
    at trimPrefix (/srv/http/start-kit-V1/api-expresjs/node_modules/router/index.js:342:13)
[2026-03-14 07:22:35.726 PM] error: Tidak dapat menyalakan server: errorMiddleware is not defined
ReferenceError: errorMiddleware is not defined
    at createApp (file:///srv/http/start-kit-V1/api-expresjs/src/app.js:59:11)
    at startServer (file:///srv/http/start-kit-V1/api-expresjs/src/server.js:16:17)
[2026-03-14 07:58:19.317 PM] error: 404 - User not found - /api/v1/users/tes - GET - ::ffff:127.0.0.1
[2026-03-14 07:58:19.317 PM] error: Error: User not found
    at Object.getUser (file:///srv/http/start-kit-V1/api-expresjs/src/modules/user/application/use-cases/user.service.js:32:13)
    at async UserController.handlerGetUser (file:///srv/http/start-kit-V1/api-expresjs/src/modules/user/infrastructure/http/user.controller.js:42:20)
[2026-03-14 07:58:24.172 PM] error: 404 - API Route tidak ditemukan - /api/v1/user - GET - ::ffff:127.0.0.1
[2026-03-14 07:58:24.172 PM] error: Error: API Route tidak ditemukan
    at file:///srv/http/start-kit-V1/api-expresjs/src/app.js:55:10
    at Layer.handleRequest (/srv/http/start-kit-V1/api-expresjs/node_modules/router/lib/layer.js:152:17)
    at trimPrefix (/srv/http/start-kit-V1/api-expresjs/node_modules/router/index.js:342:13)
    at /srv/http/start-kit-V1/api-expresjs/node_modules/router/index.js:297:9
    at processParams (/srv/http/start-kit-V1/api-expresjs/node_modules/router/index.js:582:12)
    at next (/srv/http/start-kit-V1/api-expresjs/node_modules/router/index.js:291:5)
    at read (/srv/http/start-kit-V1/api-expresjs/node_modules/body-parser/lib/read.js:53:5)
    at urlencodedParser (/srv/http/start-kit-V1/api-expresjs/node_modules/body-parser/lib/types/urlencoded.js:57:5)
    at Layer.handleRequest (/srv/http/start-kit-V1/api-expresjs/node_modules/router/lib/layer.js:152:17)
    at trimPrefix (/srv/http/start-kit-V1/api-expresjs/node_modules/router/index.js:342:13)
[2026-03-14 08:42:35.395 PM] error: 400 - Id Personal has been registered on system - /api/v1/users - POST - ::ffff:127.0.0.1
[2026-03-14 08:42:35.395 PM] error: Error: Id Personal has been registered on system
    at Object.userRegister (file:///srv/http/start-kit-V1/api-expresjs/src/modules/user/application/use-cases/user.service.js:11:13)
    at async UserController.handlerCreateUser (file:///srv/http/start-kit-V1/api-expresjs/src/modules/user/infrastructure/http/user.controller.js:11:22)
[2026-03-14 08:57:17.213 PM] error: 400 - Id Personal has been registered on system - /api/v1/users - POST - ::ffff:127.0.0.1
[2026-03-14 08:57:17.214 PM] error: Error: Id Personal has been registered on system
    at Object.userRegister (file:///srv/http/start-kit-V1/api-expresjs/src/modules/user/application/use-cases/user.service.js:11:13)
    at async UserController.handlerCreateUser (file:///srv/http/start-kit-V1/api-expresjs/src/modules/user/infrastructure/http/user.controller.js:11:22)
[2026-03-14 08:59:05.123 PM] error: 400 - Id Personal has been registered on system - /api/v1/users - POST - ::ffff:127.0.0.1
[2026-03-14 08:59:05.124 PM] error: Error: Id Personal has been registered on system
    at Object.userRegister (file:///srv/http/start-kit-V1/api-expresjs/src/modules/user/application/use-cases/user.service.js:11:13)
    at async UserController.handlerCreateUser (file:///srv/http/start-kit-V1/api-expresjs/src/modules/user/infrastructure/http/user.controller.js:11:22)
[2026-03-14 09:02:22.304 PM] error: 400 - Id Personal has been registered on system - /api/v1/users - POST - ::ffff:127.0.0.1
[2026-03-14 09:02:22.305 PM] error: Error: Id Personal has been registered on system
    at Object.userRegister (file:///srv/http/start-kit-V1/api-expresjs/src/modules/user/application/use-cases/user.service.js:11:13)
    at async UserController.handlerCreateUser (file:///srv/http/start-kit-V1/api-expresjs/src/modules/user/infrastructure/http/user.controller.js:11:22)
[2026-03-14 09:05:28.316 PM] error: 500 - userController.handlerGetUser is not a function - /api/v1/users/007100 - GET - ::ffff:127.0.0.1
[2026-03-14 09:05:28.317 PM] error: TypeError: userController.handlerGetUser is not a function
    at file:///srv/http/start-kit-V1/api-expresjs/src/modules/user/infrastructure/http/user.routes.js:15:65
    at Layer.handleRequest (/srv/http/start-kit-V1/api-expresjs/node_modules/router/lib/layer.js:152:17)
    at next (/srv/http/start-kit-V1/api-expresjs/node_modules/router/lib/route.js:157:13)
    at Route.dispatch (/srv/http/start-kit-V1/api-expresjs/node_modules/router/lib/route.js:117:3)
    at handle (/srv/http/start-kit-V1/api-expresjs/node_modules/router/index.js:435:11)
    at Layer.handleRequest (/srv/http/start-kit-V1/api-expresjs/node_modules/router/lib/layer.js:152:17)
    at /srv/http/start-kit-V1/api-expresjs/node_modules/router/index.js:295:15
    at param (/srv/http/start-kit-V1/api-expresjs/node_modules/router/index.js:600:14)
    at param (/srv/http/start-kit-V1/api-expresjs/node_modules/router/index.js:610:14)
    at processParams (/srv/http/start-kit-V1/api-expresjs/node_modules/router/index.js:664:3)
[2026-03-14 09:06:07.288 PM] error: 404 - User not found - /api/v1/users/007100 - GET - ::ffff:127.0.0.1
[2026-03-14 09:06:07.288 PM] error: Error: User not found
    at Object.getUserByIdPersonal (file:///srv/http/start-kit-V1/api-expresjs/src/modules/user/application/use-cases/user.service.js:32:13)
    at async UserController.handlerGetUserByIdPersonal (file:///srv/http/start-kit-V1/api-expresjs/src/modules/user/infrastructure/http/user.controller.js:42:20)
[2026-03-14 09:34:52.347 PM] error: 404 - User not found - /api/v1/users/007100 - GET - ::ffff:127.0.0.1
[2026-03-14 09:34:52.347 PM] error: Error: User not found
    at Object.getUserByIdPersonal (file:///srv/http/start-kit-V1/api-expresjs/src/modules/user/application/use-cases/user.service.js:32:13)
    at async UserController.handlerGetUserByIdPersonal (file:///srv/http/start-kit-V1/api-expresjs/src/modules/user/infrastructure/http/user.controller.js:32:20)
[2026-03-14 09:34:54.798 PM] error: 404 - User not found - /api/v1/users/007100 - GET - ::ffff:127.0.0.1
[2026-03-14 09:34:54.799 PM] error: Error: User not found
    at Object.getUserByIdPersonal (file:///srv/http/start-kit-V1/api-expresjs/src/modules/user/application/use-cases/user.service.js:32:13)
    at async UserController.handlerGetUserByIdPersonal (file:///srv/http/start-kit-V1/api-expresjs/src/modules/user/infrastructure/http/user.controller.js:32:20)
[2026-03-14 09:40:16.250 PM] error: 400 - Id Personal has been registered on system - /api/v1/users - POST - ::ffff:127.0.0.1
[2026-03-14 09:40:16.250 PM] error: Error: Id Personal has been registered on system
    at Object.userRegister (file:///srv/http/start-kit-V1/api-expresjs/src/modules/user/application/use-cases/user.service.js:11:13)
    at async UserController.handlerCreateUser (file:///srv/http/start-kit-V1/api-expresjs/src/modules/user/infrastructure/http/user.controller.js:11:22)
[2026-03-14 09:41:51.484 PM] error: Tidak dapat menyalakan server: async is not defined
ReferenceError: async is not defined
    at default (file:///srv/http/start-kit-V1/api-expresjs/src/modules/user/infrastructure/persistence/prisma-user.repository.js:36:22)
    at Object.resolve (file:///srv/http/start-kit-V1/api-expresjs/node_modules/awilix/lib/awilix.module.mjs:1138:20)
    at resolve (file:///srv/http/start-kit-V1/api-expresjs/node_modules/awilix/lib/awilix.module.mjs:1661:41)
    at Object.get (file:///srv/http/start-kit-V1/api-expresjs/node_modules/awilix/lib/awilix.module.mjs:1418:33)
    at default (file:///srv/http/start-kit-V1/api-expresjs/src/modules/user/application/use-cases/user.service.js:4:19)
    at Object.resolve (file:///srv/http/start-kit-V1/api-expresjs/node_modules/awilix/lib/awilix.module.mjs:1138:20)
    at resolve (file:///srv/http/start-kit-V1/api-expresjs/node_modules/awilix/lib/awilix.module.mjs:1661:41)
    at Object.get (file:///srv/http/start-kit-V1/api-expresjs/node_modules/awilix/lib/awilix.module.mjs:1418:33)
    at new UserController (file:///srv/http/start-kit-V1/api-expresjs/src/modules/user/infrastructure/http/user.controller.js:5:17)
    at newClass (file:///srv/http/start-kit-V1/api-expresjs/node_modules/awilix/lib/awilix.module.mjs:907:24)
[2026-03-14 09:57:34.995 PM] error: [Prisma Error] 
Invalid `prisma.user.findUnique()` invocation:

{
  where: {
    id: "1212"
        ~~~~~~
  }
}

Argument `id`: Invalid value provided. Expected Int, provided String.
[2026-03-14 09:57:34.996 PM] error: 500 - 
Invalid `prisma.user.findUnique()` invocation:

{
  where: {
    id: "1212"
        ~~~~~~
  }
}

Argument `id`: Invalid value provided. Expected Int, provided String. - /api/v1/users/1212 - DELETE - ::ffff:127.0.0.1
[2026-03-14 09:57:34.997 PM] error: PrismaClientValidationError: 
Invalid `prisma.user.findUnique()` invocation:

{
  where: {
    id: "1212"
        ~~~~~~
  }
}

Argument `id`: Invalid value provided. Expected Int, provided String.
    at Nn (/srv/http/start-kit-V1/api-expresjs/node_modules/@prisma/client/runtime/library.js:29:1363)
    at ei.handleRequestError (/srv/http/start-kit-V1/api-expresjs/node_modules/@prisma/client/runtime/library.js:121:6911)
    at ei.handleAndLogRequestError (/srv/http/start-kit-V1/api-expresjs/node_modules/@prisma/client/runtime/library.js:121:6593)
    at ei.request (/srv/http/start-kit-V1/api-expresjs/node_modules/@prisma/client/runtime/library.js:121:6300)
    at async a (/srv/http/start-kit-V1/api-expresjs/node_modules/@prisma/client/runtime/library.js:130:9551)
    at async Object.deleteUser (file:///srv/http/start-kit-V1/api-expresjs/src/modules/user/application/use-cases/user.service.js:43:18)
    at async UserController.handlerDeleteUser (file:///srv/http/start-kit-V1/api-expresjs/src/modules/user/infrastructure/http/user.controller.js:73:20)
[2026-03-14 09:58:21.789 PM] error: Tidak dapat menyalakan server: findId is not defined
ReferenceError: findId is not defined
    at default (file:///srv/http/start-kit-V1/api-expresjs/src/modules/user/infrastructure/persistence/prisma-user.repository.js:55:5)
    at Object.resolve (file:///srv/http/start-kit-V1/api-expresjs/node_modules/awilix/lib/awilix.module.mjs:1138:20)
    at resolve (file:///srv/http/start-kit-V1/api-expresjs/node_modules/awilix/lib/awilix.module.mjs:1661:41)
    at Object.get (file:///srv/http/start-kit-V1/api-expresjs/node_modules/awilix/lib/awilix.module.mjs:1418:33)
    at default (file:///srv/http/start-kit-V1/api-expresjs/src/modules/user/application/use-cases/user.service.js:4:19)
    at Object.resolve (file:///srv/http/start-kit-V1/api-expresjs/node_modules/awilix/lib/awilix.module.mjs:1138:20)
    at resolve (file:///srv/http/start-kit-V1/api-expresjs/node_modules/awilix/lib/awilix.module.mjs:1661:41)
    at Object.get (file:///srv/http/start-kit-V1/api-expresjs/node_modules/awilix/lib/awilix.module.mjs:1418:33)
    at new UserController (file:///srv/http/start-kit-V1/api-expresjs/src/modules/user/infrastructure/http/user.controller.js:5:17)
    at newClass (file:///srv/http/start-kit-V1/api-expresjs/node_modules/awilix/lib/awilix.module.mjs:907:24)
[2026-03-14 09:58:44.337 PM] error: [Prisma Error] 
Invalid `prisma.user.findUnique()` invocation:

{
  where: {
    id: "1212"
        ~~~~~~
  },
  select: {
    username: true,
    id_personal: true,
    codeuker: true,
    id_wewenang: true
  }
}

Argument `id`: Invalid value provided. Expected Int, provided String.
[2026-03-14 09:58:44.339 PM] error: 500 - 
Invalid `prisma.user.findUnique()` invocation:

{
  where: {
    id: "1212"
        ~~~~~~
  },
  select: {
    username: true,
    id_personal: true,
    codeuker: true,
    id_wewenang: true
  }
}

Argument `id`: Invalid value provided. Expected Int, provided String. - /api/v1/users/1212 - DELETE - ::ffff:127.0.0.1
[2026-03-14 09:58:44.339 PM] error: PrismaClientValidationError: 
Invalid `prisma.user.findUnique()` invocation:

{
  where: {
    id: "1212"
        ~~~~~~
  },
  select: {
    username: true,
    id_personal: true,
    codeuker: true,
    id_wewenang: true
  }
}

Argument `id`: Invalid value provided. Expected Int, provided String.
    at Nn (/srv/http/start-kit-V1/api-expresjs/node_modules/@prisma/client/runtime/library.js:29:1363)
    at ei.handleRequestError (/srv/http/start-kit-V1/api-expresjs/node_modules/@prisma/client/runtime/library.js:121:6911)
    at ei.handleAndLogRequestError (/srv/http/start-kit-V1/api-expresjs/node_modules/@prisma/client/runtime/library.js:121:6593)
    at ei.request (/srv/http/start-kit-V1/api-expresjs/node_modules/@prisma/client/runtime/library.js:121:6300)
    at async a (/srv/http/start-kit-V1/api-expresjs/node_modules/@prisma/client/runtime/library.js:130:9551)
    at async Object.deleteUser (file:///srv/http/start-kit-V1/api-expresjs/src/modules/user/application/use-cases/user.service.js:43:18)
    at async UserController.handlerDeleteUser (file:///srv/http/start-kit-V1/api-expresjs/src/modules/user/infrastructure/http/user.controller.js:73:20)
[2026-03-14 10:00:41.601 PM] error: 404 - User not found - /api/v1/users/1212 - DELETE - ::ffff:127.0.0.1
[2026-03-14 10:00:41.602 PM] error: Error: User not found
    at Object.deleteUser (file:///srv/http/start-kit-V1/api-expresjs/src/modules/user/application/use-cases/user.service.js:46:13)
    at async UserController.handlerDeleteUser (file:///srv/http/start-kit-V1/api-expresjs/src/modules/user/infrastructure/http/user.controller.js:73:20)
[2026-03-14 10:00:51.028 PM] error: 404 - User not found - /api/v1/users/1212 - DELETE - ::ffff:127.0.0.1
[2026-03-14 10:00:51.028 PM] error: Error: User not found
    at Object.deleteUser (file:///srv/http/start-kit-V1/api-expresjs/src/modules/user/application/use-cases/user.service.js:46:13)
    at async UserController.handlerDeleteUser (file:///srv/http/start-kit-V1/api-expresjs/src/modules/user/infrastructure/http/user.controller.js:73:20)
[2026-03-14 10:01:01.600 PM] error: 404 - User not found - /api/v1/users/12345672 - DELETE - ::ffff:127.0.0.1
[2026-03-14 10:01:01.600 PM] error: Error: User not found
    at Object.deleteUser (file:///srv/http/start-kit-V1/api-expresjs/src/modules/user/application/use-cases/user.service.js:46:13)
    at async UserController.handlerDeleteUser (file:///srv/http/start-kit-V1/api-expresjs/src/modules/user/infrastructure/http/user.controller.js:73:20)
[2026-03-14 10:01:04.963 PM] error: 404 - User not found - /api/v1/users/12345672 - DELETE - ::ffff:127.0.0.1
[2026-03-14 10:01:04.963 PM] error: Error: User not found
    at Object.deleteUser (file:///srv/http/start-kit-V1/api-expresjs/src/modules/user/application/use-cases/user.service.js:46:13)
    at async UserController.handlerDeleteUser (file:///srv/http/start-kit-V1/api-expresjs/src/modules/user/infrastructure/http/user.controller.js:73:20)
[2026-03-14 10:01:15.313 PM] error: [Prisma Error] 
Invalid `prisma.user.delete()` invocation:

{
  where: {
    id: "3"
        ~~~
  }
}

Argument `id`: Invalid value provided. Expected Int, provided String.
[2026-03-14 10:01:15.314 PM] error: 500 - 
Invalid `prisma.user.delete()` invocation:

{
  where: {
    id: "3"
        ~~~
  }
}

Argument `id`: Invalid value provided. Expected Int, provided String. - /api/v1/users/3 - DELETE - ::ffff:127.0.0.1
[2026-03-14 10:01:15.314 PM] error: PrismaClientValidationError: 
Invalid `prisma.user.delete()` invocation:

{
  where: {
    id: "3"
        ~~~
  }
}

Argument `id`: Invalid value provided. Expected Int, provided String.
    at Nn (/srv/http/start-kit-V1/api-expresjs/node_modules/@prisma/client/runtime/library.js:29:1363)
    at ei.handleRequestError (/srv/http/start-kit-V1/api-expresjs/node_modules/@prisma/client/runtime/library.js:121:6911)
    at ei.handleAndLogRequestError (/srv/http/start-kit-V1/api-expresjs/node_modules/@prisma/client/runtime/library.js:121:6593)
    at ei.request (/srv/http/start-kit-V1/api-expresjs/node_modules/@prisma/client/runtime/library.js:121:6300)
    at async a (/srv/http/start-kit-V1/api-expresjs/node_modules/@prisma/client/runtime/library.js:130:9551)
    at async UserController.handlerDeleteUser (file:///srv/http/start-kit-V1/api-expresjs/src/modules/user/infrastructure/http/user.controller.js:73:20)
[2026-03-14 10:02:13.017 PM] error: 404 - User not found - /api/v1/users/121 - DELETE - ::ffff:127.0.0.1
[2026-03-14 10:02:13.017 PM] error: Error: User not found
    at Object.deleteUser (file:///srv/http/start-kit-V1/api-expresjs/src/modules/user/application/use-cases/user.service.js:46:13)
    at async UserController.handlerDeleteUser (file:///srv/http/start-kit-V1/api-expresjs/src/modules/user/infrastructure/http/user.controller.js:73:20)
[2026-03-14 10:02:16.420 PM] error: 404 - User not found - /api/v1/users/4 - DELETE - ::ffff:127.0.0.1
[2026-03-14 10:02:16.420 PM] error: Error: User not found
    at Object.deleteUser (file:///srv/http/start-kit-V1/api-expresjs/src/modules/user/application/use-cases/user.service.js:46:13)
    at async UserController.handlerDeleteUser (file:///srv/http/start-kit-V1/api-expresjs/src/modules/user/infrastructure/http/user.controller.js:73:20)
[2026-03-14 10:05:39.286 PM] error: Tidak dapat menyalakan server: updateUserUser is not defined
ReferenceError: updateUserUser is not defined
    at default (file:///srv/http/start-kit-V1/api-expresjs/src/modules/user/infrastructure/persistence/prisma-user.repository.js:65:5)
    at Object.resolve (file:///srv/http/start-kit-V1/api-expresjs/node_modules/awilix/lib/awilix.module.mjs:1138:20)
    at resolve (file:///srv/http/start-kit-V1/api-expresjs/node_modules/awilix/lib/awilix.module.mjs:1661:41)
    at Object.get (file:///srv/http/start-kit-V1/api-expresjs/node_modules/awilix/lib/awilix.module.mjs:1418:33)
    at default (file:///srv/http/start-kit-V1/api-expresjs/src/modules/user/application/use-cases/user.service.js:4:19)
    at Object.resolve (file:///srv/http/start-kit-V1/api-expresjs/node_modules/awilix/lib/awilix.module.mjs:1138:20)
    at resolve (file:///srv/http/start-kit-V1/api-expresjs/node_modules/awilix/lib/awilix.module.mjs:1661:41)
    at Object.get (file:///srv/http/start-kit-V1/api-expresjs/node_modules/awilix/lib/awilix.module.mjs:1418:33)
    at new UserController (file:///srv/http/start-kit-V1/api-expresjs/src/modules/user/infrastructure/http/user.controller.js:5:17)
    at newClass (file:///srv/http/start-kit-V1/api-expresjs/node_modules/awilix/lib/awilix.module.mjs:907:24)
[2026-03-14 10:13:33.958 PM] error: Tidak dapat menyalakan server: Cannot read properties of undefined (reading 'bind')
TypeError: Cannot read properties of undefined (reading 'bind')
    at default (file:///srv/http/start-kit-V1/api-expresjs/src/modules/user/infrastructure/http/user.routes.js:12:87)
    at Object.resolve (file:///srv/http/start-kit-V1/api-expresjs/node_modules/awilix/lib/awilix.module.mjs:1138:20)
    at Object.resolve (file:///srv/http/start-kit-V1/api-expresjs/node_modules/awilix/lib/awilix.module.mjs:1656:41)
    at createApp (file:///srv/http/start-kit-V1/api-expresjs/src/app.js:38:32)
    at startServer (file:///srv/http/start-kit-V1/api-expresjs/src/server.js:16:17)
[2026-03-14 10:17:39.696 PM] error: 404 - User not found - /api/v1/users/3 - PUT - ::ffff:127.0.0.1
[2026-03-14 10:17:39.697 PM] error: Error: User not found
    at Object.updateUser (file:///srv/http/start-kit-V1/api-expresjs/src/modules/user/application/use-cases/user.service.js:56:13)
    at async UserController.handlerUpdateUser (file:///srv/http/start-kit-V1/api-expresjs/src/modules/user/infrastructure/http/user.controller.js:85:20)
[2026-03-14 10:18:26.025 PM] error: 400 - Validation error - /api/v1/users/1 - PUT - ::ffff:127.0.0.1
[2026-03-14 10:18:26.025 PM] error: Error: Validation error
    at validated (file:///srv/http/start-kit-V1/api-expresjs/src/core/utils/validation.js:17:11)
    at file:///srv/http/start-kit-V1/api-expresjs/src/core/middlewares/validate.middleware.js:14:29
    at Layer.handleRequest (/srv/http/start-kit-V1/api-expresjs/node_modules/router/lib/layer.js:152:17)
    at next (/srv/http/start-kit-V1/api-expresjs/node_modules/router/lib/route.js:157:13)
    at Route.dispatch (/srv/http/start-kit-V1/api-expresjs/node_modules/router/lib/route.js:117:3)
    at handle (/srv/http/start-kit-V1/api-expresjs/node_modules/router/index.js:435:11)
    at Layer.handleRequest (/srv/http/start-kit-V1/api-expresjs/node_modules/router/lib/layer.js:152:17)
    at /srv/http/start-kit-V1/api-expresjs/node_modules/router/index.js:295:15
    at param (/srv/http/start-kit-V1/api-expresjs/node_modules/router/index.js:600:14)
    at param (/srv/http/start-kit-V1/api-expresjs/node_modules/router/index.js:610:14)
[2026-03-14 11:25:50.946 PM] error: 400 - Validation error - /api/v1/users/1 - PUT - ::ffff:127.0.0.1
[2026-03-14 11:25:50.946 PM] error: Error: Validation error
    at validated (file:///srv/http/start-kit-V1/api-expresjs/src/core/utils/validation.js:17:11)
    at file:///srv/http/start-kit-V1/api-expresjs/src/core/middlewares/validate.middleware.js:14:29
    at Layer.handleRequest (/srv/http/start-kit-V1/api-expresjs/node_modules/router/lib/layer.js:152:17)
    at next (/srv/http/start-kit-V1/api-expresjs/node_modules/router/lib/route.js:157:13)
    at Route.dispatch (/srv/http/start-kit-V1/api-expresjs/node_modules/router/lib/route.js:117:3)
    at handle (/srv/http/start-kit-V1/api-expresjs/node_modules/router/index.js:435:11)
    at Layer.handleRequest (/srv/http/start-kit-V1/api-expresjs/node_modules/router/lib/layer.js:152:17)
    at /srv/http/start-kit-V1/api-expresjs/node_modules/router/index.js:295:15
    at param (/srv/http/start-kit-V1/api-expresjs/node_modules/router/index.js:600:14)
    at param (/srv/http/start-kit-V1/api-expresjs/node_modules/router/index.js:610:14)
[2026-03-14 11:29:35.766 PM] error: 404 - User not found - /api/v1/users/2 - PUT - ::ffff:127.0.0.1
[2026-03-14 11:29:35.766 PM] error: Error: User not found
    at Object.updateUser (file:///srv/http/start-kit-V1/api-expresjs/src/modules/user/application/use-cases/user.service.js:56:13)
    at async UserController.handlerUpdateUser (file:///srv/http/start-kit-V1/api-expresjs/src/modules/user/infrastructure/http/user.controller.js:85:20)
